# JRE version: OpenJDK Runtime Environment Temurin-17.0.7+7 (17.0.7+7) (build 17.0.7+7)
# Java VM: OpenJDK 64-Bit Server VM Temurin-17.0.7+7 (17.0.7+7, mixed mode, tiered, compressed oops, compressed class ptrs, g1 gc, windows-amd64)
GC Precious Log:
 CPUs: 12 total, 12 available
 Memory: 7893M
 Large Page Support: Disabled
 NUMA Support: Disabled
 Compressed Oops: Enabled (32-bit)
 Heap Region Size: 1M
 Heap Min Capacity: 8M
 Heap Initial Capacity: 124M
 Heap Max Capacity: 2G
 Pre-touch: Disabled
 Parallel Workers: 10
 Concurrent Workers: 3
 Concurrent Refinement Workers: 10
 Periodic GC: Disabled
Heap:
 garbage-first heap   total 104448K, used 30269K [0x0000000080000000, 0x0000000100000000)
  region size 1024K, 5 young (5120K), 5 survivors (5120K)
 Metaspace       used 35386K, committed 35840K, reserved 1114112K
  class space    used 3738K, committed 3968K, reserved 1048576K
GC Heap History (17 events):
Event: 0.303 GC heap before
{Heap before GC invocations=0 (full 0):
 garbage-first heap   total 126976K, used 26624K [0x0000000080000000, 0x0000000100000000)
  region size 1024K, 23 young (23552K), 0 survivors (0K)
 Metaspace       used 6763K, committed 6976K, reserved 1114112K
  class space    used 524K, committed 640K, reserved 1048576K
}
Event: 0.307 GC heap after
{Heap after GC invocations=1 (full 0):
 garbage-first heap   total 126976K, used 14808K [0x0000000080000000, 0x0000000100000000)
  region size 1024K, 3 young (3072K), 3 survivors (3072K)
 Metaspace       used 6763K, committed 6976K, reserved 1114112K
  class space    used 524K, committed 640K, reserved 1048576K
}
Event: 0.604 GC heap before
{Heap before GC invocations=1 (full 0):
 garbage-first heap   total 126976K, used 36312K [0x0000000080000000, 0x0000000100000000)
  region size 1024K, 25 young (25600K), 3 survivors (3072K)
 Metaspace       used 12143K, committed 12352K, reserved 1114112K
  class space    used 1032K, committed 1152K, reserved 1048576K
}
Event: 0.609 GC heap after
{Heap after GC invocations=2 (full 0):
 garbage-first heap   total 126976K, used 16871K [0x0000000080000000, 0x0000000100000000)
  region size 1024K, 3 young (3072K), 3 survivors (3072K)
 Metaspace       used 12143K, committed 12352K, reserved 1114112K
  class space    used 1032K, committed 1152K, reserved 1048576K
}
Event: 0.936 GC heap before
{Heap before GC invocations=2 (full 0):
 garbage-first heap   total 126976K, used 59879K [0x0000000080000000, 0x0000000100000000)
  region size 1024K, 43 young (44032K), 3 survivors (3072K)
 Metaspace       used 17853K, committed 18048K, reserved 1114112K
  class space    used 1683K, committed 1792K, reserved 1048576K
}
Event: 0.941 GC heap after
{Heap after GC invocations=3 (full 0):
 garbage-first heap   total 126976K, used 22247K [0x0000000080000000, 0x0000000100000000)
  region size 1024K, 6 young (6144K), 6 survivors (6144K)
 Metaspace       used 17853K, committed 18048K, reserved 1114112K
  class space    used 1683K, committed 1792K, reserved 1048576K
}
Event: 1.152 GC heap before
{Heap before GC invocations=3 (full 0):
 garbage-first heap   total 126976K, used 44775K [0x0000000080000000, 0x0000000100000000)
  region size 1024K, 29 young (29696K), 6 survivors (6144K)
 Metaspace       used 21340K, committed 21504K, reserved 1114112K
  class space    used 2241K, committed 2304K, reserved 1048576K
}
Event: 1.158 GC heap after
{Heap after GC invocations=4 (full 0):
 garbage-first heap   total 126976K, used 21759K [0x0000000080000000, 0x0000000100000000)
  region size 1024K, 5 young (5120K), 5 survivors (5120K)
 Metaspace       used 21340K, committed 21504K, reserved 1114112K
  class space    used 2241K, committed 2304K, reserved 1048576K
}
Event: 1.308 GC heap before
{Heap before GC invocations=5 (full 0):
 garbage-first heap   total 78848K, used 61695K [0x0000000080000000, 0x0000000100000000)
  region size 1024K, 45 young (46080K), 5 survivors (5120K)
 Metaspace       used 22241K, committed 22464K, reserved 1114112K
  class space    used 2338K, committed 2432K, reserved 1048576K
}
Event: 1.315 GC heap after
{Heap after GC invocations=6 (full 0):
 garbage-first heap   total 95232K, used 22677K [0x0000000080000000, 0x0000000100000000)
  region size 1024K, 3 young (3072K), 3 survivors (3072K)
 Metaspace       used 22241K, committed 22464K, reserved 1114112K
  class space    used 2338K, committed 2432K, reserved 1048576K
}
Event: 1.716 GC heap before
{Heap before GC invocations=6 (full 0):
 garbage-first heap   total 95232K, used 67733K [0x0000000080000000, 0x0000000100000000)
  region size 1024K, 47 young (48128K), 3 survivors (3072K)
 Metaspace       used 26753K, committed 27072K, reserved 1114112K
  class space    used 2808K, committed 2944K, reserved 1048576K
}
Event: 1.722 GC heap after
{Heap after GC invocations=7 (full 0):
 garbage-first heap   total 95232K, used 26131K [0x0000000080000000, 0x0000000100000000)
  region size 1024K, 6 young (6144K), 6 survivors (6144K)
 Metaspace       used 26753K, committed 27072K, reserved 1114112K
  class space    used 2808K, committed 2944K, reserved 1048576K
}
Event: 2.043 GC heap before
{Heap before GC invocations=7 (full 0):
 garbage-first heap   total 95232K, used 69139K [0x0000000080000000, 0x0000000100000000)
  region size 1024K, 48 young (49152K), 6 survivors (6144K)
 Metaspace       used 31704K, committed 32128K, reserved 1114112K
  class space    used 3395K, committed 3584K, reserved 1048576K
}
Event: 2.054 GC heap after
{Heap after GC invocations=8 (full 0):
 garbage-first heap   total 95232K, used 27761K [0x0000000080000000, 0x0000000100000000)
  region size 1024K, 2 young (2048K), 2 survivors (2048K)
 Metaspace       used 31704K, committed 32128K, reserved 1114112K
  class space    used 3395K, committed 3584K, reserved 1048576K
}
Event: 2.147 GC heap before
{Heap before GC invocations=8 (full 0):
 garbage-first heap   total 95232K, used 73841K [0x0000000080000000, 0x0000000100000000)
  region size 1024K, 45 young (46080K), 2 survivors (2048K)
 Metaspace       used 32871K, committed 33280K, reserved 1114112K
  class space    used 3476K, committed 3648K, reserved 1048576K
}
Event: 2.150 GC heap after
{Heap after GC invocations=9 (full 0):
 garbage-first heap   total 95232K, used 28251K [0x0000000080000000, 0x0000000100000000)
  region size 1024K, 3 young (3072K), 3 survivors (3072K)
 Metaspace       used 32871K, committed 33280K, reserved 1114112K
  class space    used 3476K, committed 3648K, reserved 1048576K
}
Event: 2.493 GC heap before
{Heap before GC invocations=9 (full 0):
 garbage-first heap   total 95232K, used 73307K [0x0000000080000000, 0x0000000100000000)
  region size 1024K, 47 young (48128K), 3 survivors (3072K)
 Metaspace       used 35386K, committed 35840K, reserved 1114112K
  class space    used 3738K, committed 3968K, reserved 1048576K
}

