# JRE version: OpenJDK Runtime Environment Temurin-17.0.7+7 (17.0.7+7) (build 17.0.7+7)
# Java VM: OpenJDK 64-Bit Server VM Temurin-17.0.7+7 (17.0.7+7, mixed mode, tiered, compressed oops, compressed class ptrs, g1 gc, windows-amd64)
GC Precious Log:
 CPUs: 12 total, 12 available
 Memory: 7893M
 Large Page Support: Disabled
 NUMA Support: Disabled
 Compressed Oops: Enabled (32-bit)
 Heap Region Size: 1M
 Heap Min Capacity: 8M
 Heap Initial Capacity: 124M
 Heap Max Capacity: 2G
 Pre-touch: Disabled
 Parallel Workers: 10
 Concurrent Workers: 3
 Concurrent Refinement Workers: 10
 Periodic GC: Disabled
Heap:
 garbage-first heap   total 126976K, used 56001K [0x0000000080000000, 0x0000000100000000)
  region size 1024K, 1 young (1024K), 1 survivors (1024K)
 Metaspace       used 49808K, committed 51136K, reserved 1114112K
  class space    used 5212K, committed 5824K, reserved 1048576K
GC Heap History (20 events):
Event: 180.370 GC heap after
{Heap after GC invocations=65 (full 0):
 garbage-first heap   total 116736K, used 53890K [0x0000000080000000, 0x0000000100000000)
  region size 1024K, 3 young (3072K), 3 survivors (3072K)
 Metaspace       used 49547K, committed 50816K, reserved 1114112K
  class space    used 5185K, committed 5760K, reserved 1048576K
}
Event: 183.640 GC heap before
{Heap before GC invocations=65 (full 0):
 garbage-first heap   total 116736K, used 98946K [0x0000000080000000, 0x0000000100000000)
  region size 1024K, 48 young (49152K), 3 survivors (3072K)
 Metaspace       used 49605K, committed 50880K, reserved 1114112K
  class space    used 5187K, committed 5760K, reserved 1048576K
}
Event: 183.643 GC heap after
{Heap after GC invocations=66 (full 0):
 garbage-first heap   total 116736K, used 54465K [0x0000000080000000, 0x0000000100000000)
  region size 1024K, 4 young (4096K), 4 survivors (4096K)
 Metaspace       used 49605K, committed 50880K, reserved 1114112K
  class space    used 5187K, committed 5760K, reserved 1048576K
}
Event: 186.093 GC heap before
{Heap before GC invocations=66 (full 0):
 garbage-first heap   total 116736K, used 97473K [0x0000000080000000, 0x0000000100000000)
  region size 1024K, 47 young (48128K), 4 survivors (4096K)
 Metaspace       used 49631K, committed 50880K, reserved 1114112K
  class space    used 5188K, committed 5760K, reserved 1048576K
}
Event: 186.096 GC heap after
{Heap after GC invocations=67 (full 0):
 garbage-first heap   total 116736K, used 54772K [0x0000000080000000, 0x0000000100000000)
  region size 1024K, 4 young (4096K), 4 survivors (4096K)
 Metaspace       used 49631K, committed 50880K, reserved 1114112K
  class space    used 5188K, committed 5760K, reserved 1048576K
}
Event: 187.649 GC heap before
{Heap before GC invocations=67 (full 0):
 garbage-first heap   total 116736K, used 97780K [0x0000000080000000, 0x0000000100000000)
  region size 1024K, 47 young (48128K), 4 survivors (4096K)
 Metaspace       used 49664K, committed 51008K, reserved 1114112K
  class space    used 5192K, committed 5824K, reserved 1048576K
}
Event: 187.653 GC heap after
{Heap after GC invocations=68 (full 0):
 garbage-first heap   total 116736K, used 54743K [0x0000000080000000, 0x0000000100000000)
  region size 1024K, 4 young (4096K), 4 survivors (4096K)
 Metaspace       used 49664K, committed 51008K, reserved 1114112K
  class space    used 5192K, committed 5824K, reserved 1048576K
}
Event: 191.127 GC heap before
{Heap before GC invocations=68 (full 0):
 garbage-first heap   total 116736K, used 96727K [0x0000000080000000, 0x0000000100000000)
  region size 1024K, 46 young (47104K), 4 survivors (4096K)
 Metaspace       used 49681K, committed 51008K, reserved 1114112K
  class space    used 5194K, committed 5824K, reserved 1048576K
}
Event: 191.130 GC heap after
{Heap after GC invocations=69 (full 0):
 garbage-first heap   total 116736K, used 55461K [0x0000000080000000, 0x0000000100000000)
  region size 1024K, 4 young (4096K), 4 survivors (4096K)
 Metaspace       used 49681K, committed 51008K, reserved 1114112K
  class space    used 5194K, committed 5824K, reserved 1048576K
}
Event: 194.011 GC heap before
{Heap before GC invocations=70 (full 0):
 garbage-first heap   total 116736K, used 97445K [0x0000000080000000, 0x0000000100000000)
  region size 1024K, 46 young (47104K), 4 survivors (4096K)
 Metaspace       used 49706K, committed 51136K, reserved 1114112K
  class space    used 5196K, committed 5824K, reserved 1048576K
}
Event: 194.014 GC heap after
{Heap after GC invocations=71 (full 0):
 garbage-first heap   total 116736K, used 55876K [0x0000000080000000, 0x0000000100000000)
  region size 1024K, 4 young (4096K), 4 survivors (4096K)
 Metaspace       used 49706K, committed 51136K, reserved 1114112K
  class space    used 5196K, committed 5824K, reserved 1048576K
}
Event: 194.015 GC heap before
{Heap before GC invocations=71 (full 0):
 garbage-first heap   total 116736K, used 56900K [0x0000000080000000, 0x0000000100000000)
  region size 1024K, 5 young (5120K), 4 survivors (4096K)
 Metaspace       used 49706K, committed 51136K, reserved 1114112K
  class space    used 5196K, committed 5824K, reserved 1048576K
}
Event: 194.020 GC heap after
{Heap after GC invocations=72 (full 0):
 garbage-first heap   total 116736K, used 55403K [0x0000000080000000, 0x0000000100000000)
  region size 1024K, 0 young (0K), 0 survivors (0K)
 Metaspace       used 49706K, committed 51136K, reserved 1114112K
  class space    used 5196K, committed 5824K, reserved 1048576K
}
Event: 196.968 GC heap before
{Heap before GC invocations=72 (full 0):
 garbage-first heap   total 116736K, used 99435K [0x0000000080000000, 0x0000000100000000)
  region size 1024K, 44 young (45056K), 0 survivors (0K)
 Metaspace       used 49719K, committed 51136K, reserved 1114112K
  class space    used 5199K, committed 5824K, reserved 1048576K
}
Event: 196.969 GC heap after
{Heap after GC invocations=73 (full 0):
 garbage-first heap   total 116736K, used 56643K [0x0000000080000000, 0x0000000100000000)
  region size 1024K, 2 young (2048K), 2 survivors (2048K)
 Metaspace       used 49719K, committed 51136K, reserved 1114112K
  class space    used 5199K, committed 5824K, reserved 1048576K
}
Event: 198.909 GC heap before
{Heap before GC invocations=74 (full 0):
 garbage-first heap   total 119808K, used 99651K [0x0000000080000000, 0x0000000100000000)
  region size 1024K, 44 young (45056K), 2 survivors (2048K)
 Metaspace       used 49801K, committed 51136K, reserved 1114112K
  class space    used 5212K, committed 5824K, reserved 1048576K
}
Event: 198.911 GC heap after
{Heap after GC invocations=75 (full 0):
 garbage-first heap   total 119808K, used 56121K [0x0000000080000000, 0x0000000100000000)
  region size 1024K, 1 young (1024K), 1 survivors (1024K)
 Metaspace       used 49801K, committed 51136K, reserved 1114112K
  class space    used 5212K, committed 5824K, reserved 1048576K
}
Event: 199.037 GC heap before
{Heap before GC invocations=75 (full 0):
 garbage-first heap   total 119808K, used 60217K [0x0000000080000000, 0x0000000100000000)
  region size 1024K, 5 young (5120K), 1 survivors (1024K)
 Metaspace       used 49802K, committed 51136K, reserved 1114112K
  class space    used 5212K, committed 5824K, reserved 1048576K
}
Event: 199.040 GC heap after
{Heap after GC invocations=76 (full 0):
 garbage-first heap   total 119808K, used 56015K [0x0000000080000000, 0x0000000100000000)
  region size 1024K, 1 young (1024K), 1 survivors (1024K)
 Metaspace       used 49802K, committed 51136K, reserved 1114112K
  class space    used 5212K, committed 5824K, reserved 1048576K
}
Event: 200.449 GC heap before
{Heap before GC invocations=76 (full 0):
 garbage-first heap   total 119808K, used 103119K [0x0000000080000000, 0x0000000100000000)
  region size 1024K, 47 young (48128K), 1 survivors (1024K)
 Metaspace       used 49808K, committed 51136K, reserved 1114112K
  class space    used 5212K, committed 5824K, reserved 1048576K
}

