# JRE version: OpenJDK Runtime Environment Temurin-17.0.7+7 (17.0.7+7) (build 17.0.7+7)
# Java VM: OpenJDK 64-Bit Server VM Temurin-17.0.7+7 (17.0.7+7, mixed mode, tiered, compressed oops, compressed class ptrs, g1 gc, windows-amd64)
GC Precious Log:
 CPUs: 12 total, 12 available
 Memory: 7893M
 Large Page Support: Disabled
 NUMA Support: Disabled
 Compressed Oops: Enabled (32-bit)
 Heap Region Size: 1M
 Heap Min Capacity: 8M
 Heap Initial Capacity: 124M
 Heap Max Capacity: 2G
 Pre-touch: Disabled
 Parallel Workers: 10
 Concurrent Workers: 3
 Concurrent Refinement Workers: 10
 Periodic GC: Disabled
Heap:
 garbage-first heap   total 114688K, used 59081K [0x0000000080000000, 0x0000000100000000)
  region size 1024K, 32 young (32768K), 8 survivors (8192K)
 Metaspace       used 44403K, committed 44928K, reserved 1114112K
  class space    used 4936K, committed 5184K, reserved 1048576K
GC Heap History (20 events):
Event: 0.620 GC heap before
{Heap before GC invocations=1 (full 0):
 garbage-first heap   total 126976K, used 35592K [0x0000000080000000, 0x0000000100000000)
  region size 1024K, 25 young (25600K), 3 survivors (3072K)
 Metaspace       used 12168K, committed 12416K, reserved 1114112K
  class space    used 1035K, committed 1152K, reserved 1048576K
}
Event: 0.625 GC heap after
{Heap after GC invocations=2 (full 0):
 garbage-first heap   total 126976K, used 16695K [0x0000000080000000, 0x0000000100000000)
  region size 1024K, 3 young (3072K), 3 survivors (3072K)
 Metaspace       used 12168K, committed 12416K, reserved 1114112K
  class space    used 1035K, committed 1152K, reserved 1048576K
}
Event: 0.975 GC heap before
{Heap before GC invocations=2 (full 0):
 garbage-first heap   total 126976K, used 58679K [0x0000000080000000, 0x0000000100000000)
  region size 1024K, 43 young (44032K), 3 survivors (3072K)
 Metaspace       used 17875K, committed 18112K, reserved 1114112K
  class space    used 1685K, committed 1792K, reserved 1048576K
}
Event: 0.985 GC heap after
{Heap after GC invocations=3 (full 0):
 garbage-first heap   total 126976K, used 22117K [0x0000000080000000, 0x0000000100000000)
  region size 1024K, 6 young (6144K), 6 survivors (6144K)
 Metaspace       used 17875K, committed 18112K, reserved 1114112K
  class space    used 1685K, committed 1792K, reserved 1048576K
}
Event: 1.199 GC heap before
{Heap before GC invocations=3 (full 0):
 garbage-first heap   total 126976K, used 44645K [0x0000000080000000, 0x0000000100000000)
  region size 1024K, 29 young (29696K), 6 survivors (6144K)
 Metaspace       used 21383K, committed 21504K, reserved 1114112K
  class space    used 2242K, committed 2304K, reserved 1048576K
}
Event: 1.205 GC heap after
{Heap after GC invocations=4 (full 0):
 garbage-first heap   total 126976K, used 21902K [0x0000000080000000, 0x0000000100000000)
  region size 1024K, 5 young (5120K), 5 survivors (5120K)
 Metaspace       used 21383K, committed 21504K, reserved 1114112K
  class space    used 2242K, committed 2304K, reserved 1048576K
}
Event: 1.363 GC heap before
{Heap before GC invocations=5 (full 0):
 garbage-first heap   total 78848K, used 61838K [0x0000000080000000, 0x0000000100000000)
  region size 1024K, 45 young (46080K), 5 survivors (5120K)
 Metaspace       used 22263K, committed 22464K, reserved 1114112K
  class space    used 2338K, committed 2432K, reserved 1048576K
}
Event: 1.369 GC heap after
{Heap after GC invocations=6 (full 0):
 garbage-first heap   total 95232K, used 22590K [0x0000000080000000, 0x0000000100000000)
  region size 1024K, 3 young (3072K), 3 survivors (3072K)
 Metaspace       used 22263K, committed 22464K, reserved 1114112K
  class space    used 2338K, committed 2432K, reserved 1048576K
}
Event: 1.817 GC heap before
{Heap before GC invocations=6 (full 0):
 garbage-first heap   total 95232K, used 67646K [0x0000000080000000, 0x0000000100000000)
  region size 1024K, 47 young (48128K), 3 survivors (3072K)
 Metaspace       used 26836K, committed 27136K, reserved 1114112K
  class space    used 2817K, committed 2944K, reserved 1048576K
}
Event: 1.822 GC heap after
{Heap after GC invocations=7 (full 0):
 garbage-first heap   total 95232K, used 25766K [0x0000000080000000, 0x0000000100000000)
  region size 1024K, 6 young (6144K), 6 survivors (6144K)
 Metaspace       used 26836K, committed 27136K, reserved 1114112K
  class space    used 2817K, committed 2944K, reserved 1048576K
}
Event: 2.143 GC heap before
{Heap before GC invocations=7 (full 0):
 garbage-first heap   total 95232K, used 68774K [0x0000000080000000, 0x0000000100000000)
  region size 1024K, 48 young (49152K), 6 survivors (6144K)
 Metaspace       used 31699K, committed 32128K, reserved 1114112K
  class space    used 3396K, committed 3584K, reserved 1048576K
}
Event: 2.153 GC heap after
{Heap after GC invocations=8 (full 0):
 garbage-first heap   total 95232K, used 28137K [0x0000000080000000, 0x0000000100000000)
  region size 1024K, 3 young (3072K), 3 survivors (3072K)
 Metaspace       used 31699K, committed 32128K, reserved 1114112K
  class space    used 3396K, committed 3584K, reserved 1048576K
}
Event: 2.263 GC heap before
{Heap before GC invocations=8 (full 0):
 garbage-first heap   total 95232K, used 74217K [0x0000000080000000, 0x0000000100000000)
  region size 1024K, 45 young (46080K), 3 survivors (3072K)
 Metaspace       used 32866K, committed 33216K, reserved 1114112K
  class space    used 3477K, committed 3648K, reserved 1048576K
}
Event: 2.266 GC heap after
{Heap after GC invocations=9 (full 0):
 garbage-first heap   total 95232K, used 28137K [0x0000000080000000, 0x0000000100000000)
  region size 1024K, 3 young (3072K), 3 survivors (3072K)
 Metaspace       used 32866K, committed 33216K, reserved 1114112K
  class space    used 3477K, committed 3648K, reserved 1048576K
}
Event: 2.597 GC heap before
{Heap before GC invocations=9 (full 0):
 garbage-first heap   total 95232K, used 73193K [0x0000000080000000, 0x0000000100000000)
  region size 1024K, 47 young (48128K), 3 survivors (3072K)
 Metaspace       used 35356K, committed 35776K, reserved 1114112K
  class space    used 3736K, committed 3968K, reserved 1048576K
}
Event: 2.601 GC heap after
{Heap after GC invocations=10 (full 0):
 garbage-first heap   total 114688K, used 29933K [0x0000000080000000, 0x0000000100000000)
  region size 1024K, 5 young (5120K), 5 survivors (5120K)
 Metaspace       used 35356K, committed 35776K, reserved 1114112K
  class space    used 3736K, committed 3968K, reserved 1048576K
}
Event: 2.698 GC heap before
{Heap before GC invocations=10 (full 0):
 garbage-first heap   total 114688K, used 74989K [0x0000000080000000, 0x0000000100000000)
  region size 1024K, 50 young (51200K), 5 survivors (5120K)
 Metaspace       used 35666K, committed 36096K, reserved 1114112K
  class space    used 3764K, committed 3968K, reserved 1048576K
}
Event: 2.705 GC heap after
{Heap after GC invocations=11 (full 0):
 garbage-first heap   total 114688K, used 32109K [0x0000000080000000, 0x0000000100000000)
  region size 1024K, 7 young (7168K), 7 survivors (7168K)
 Metaspace       used 35666K, committed 36096K, reserved 1114112K
  class space    used 3764K, committed 3968K, reserved 1048576K
}
Event: 3.338 GC heap before
{Heap before GC invocations=12 (full 0):
 garbage-first heap   total 114688K, used 83309K [0x0000000080000000, 0x0000000100000000)
  region size 1024K, 57 young (58368K), 7 survivors (7168K)
 Metaspace       used 42921K, committed 43392K, reserved 1114112K
  class space    used 4776K, committed 4992K, reserved 1048576K
}
Event: 3.347 GC heap after
{Heap after GC invocations=13 (full 0):
 garbage-first heap   total 114688K, used 35529K [0x0000000080000000, 0x0000000100000000)
  region size 1024K, 8 young (8192K), 8 survivors (8192K)
 Metaspace       used 42921K, committed 43392K, reserved 1114112K
  class space    used 4776K, committed 4992K, reserved 1048576K
}

